<?xml version="1.0" encoding="UTF-8"?>
<testsuite xmlns:xsi="http://www.w3.org/2001/XMLSchema-instance" xsi:noNamespaceSchemaLocation="https://maven.apache.org/surefire/maven-surefire-plugin/xsd/surefire-test-report-3.0.xsd" version="3.0" name="com.ms.FunctionTest" time="0.576" tests="1" errors="0" skipped="0" failures="0">
  <properties>
[...]
</properties>
  <testcase name="testHttpTriggerJava" classname="com.ms.FunctionTest" time="0.565">
    <system-err><![CDATA[May 24, 2023 10:01:40 AM com.ms.Function run
INFO: Java HTTP trigger processed a request.
]]></system-err>
  </testcase>
</testsuite>